<?xml version="1.0" encoding="UTF-8"?>
<!-- Generated by org.testng.reporters.JUnitXMLReporter -->
<testsuite ignored="0" hostname="DESKTOP-CFSKSBJ" failures="0" tests="6" name="Default test" time="11.654" errors="0" timestamp="2024-09-17T02:37:03 IST">
  <testcase classname="api.payload.DDTests" name="testPostuser" time="3.195"/>
  <testcase classname="api.payload.DDTests" name="testPostuser" time="1.442"/>
  <testcase classname="api.payload.DDTests" name="testPostuser" time="1.458"/>
  <testcase classname="api.payload.DDTests" name="testDeleteUserByName" time="1.448"/>
  <testcase classname="api.payload.DDTests" name="testDeleteUserByName" time="1.443"/>
  <testcase classname="api.payload.DDTests" name="testDeleteUserByName" time="1.358"/>
</testsuite> <!-- Default test -->
