<?xml version="1.0" encoding="UTF-8"?>
<!-- Generated by org.testng.reporters.JUnitXMLReporter -->
<testsuite ignored="0" hostname="DESKTOP-CFSKSBJ" failures="0" tests="4" name="PetTests" time="9.69" errors="0" timestamp="2024-09-17T11:40:18 IST">
  <testcase classname="api.test.UserTests2" name="testPostUser" time="3.472"/>
  <testcase classname="api.test.UserTests2" name="testGetUserByName" time="1.481"/>
  <testcase classname="api.test.UserTests2" name="testUpdateUserByName" time="2.885"/>
  <testcase classname="api.test.UserTests2" name="testDeleteUserByName" time="1.41"/>
</testsuite> <!-- PetTests -->
