<?xml version="1.0" encoding="UTF-8"?>
<!-- Generated by org.testng.reporters.JUnitXMLReporter -->
<testsuite ignored="0" hostname="DESKTOP-CFSKSBJ" failures="0" tests="4" name="PetTests" time="10.02" errors="0" timestamp="2024-09-17T11:20:46 IST">
  <testcase classname="api.test.UserTests2" name="testPostUser" time="3.879"/>
  <testcase classname="api.test.UserTests2" name="testGetUserByName" time="1.464"/>
  <testcase classname="api.test.UserTests2" name="testUpdateUserByName" time="2.75"/>
  <testcase classname="api.test.UserTests2" name="testDeleteUserByName" time="1.379"/>
</testsuite> <!-- PetTests -->
