<?xml version="1.0" encoding="UTF-8"?>
<!-- Generated by org.testng.reporters.JUnitXMLReporter -->
<testsuite ignored="0" hostname="DESKTOP-CFSKSBJ" failures="0" tests="4" name="PetTests" time="9.188" errors="0" timestamp="2024-09-17T03:07:05 IST">
  <testcase classname="api.test.UserTests" name="testPostUser" time="3.107"/>
  <testcase classname="api.test.UserTests" name="testGetUserByName" time="1.399"/>
  <testcase classname="api.test.UserTests" name="testUpdateUserByName" time="2.873"/>
  <testcase classname="api.test.UserTests" name="testDeleteUserByName" time="1.404"/>
</testsuite> <!-- PetTests -->
