<?xml version="1.0" encoding="UTF-8"?>
<!-- Generated by org.testng.reporters.JUnitXMLReporter -->
<testsuite ignored="0" hostname="DESKTOP-CFSKSBJ" failures="0" tests="4" name="PetTests" time="9.886" errors="0" timestamp="2024-09-17T11:03:50 IST">
  <testcase classname="api.test.UserTests2" name="testPostUser" time="3.002"/>
  <testcase classname="api.test.UserTests2" name="testGetUserByName" time="2.661"/>
  <testcase classname="api.test.UserTests2" name="testUpdateUserByName" time="2.57"/>
  <testcase classname="api.test.UserTests2" name="testDeleteUserByName" time="1.259"/>
</testsuite> <!-- PetTests -->
